<?xml version="1.0" encoding="UTF-8"?>
<!-- Generated by org.testng.reporters.JUnitReportReporter -->
<testsuite hostname="DESKTOP-NPTG7Q6" failures="0" tests="1" name="test_olx.TestDemo2" time="27.998" errors="0" timestamp="13 kwi 2020 14:45:40 GMT" skipped="0">
  <testcase classname="test_olx.TestDemo2" name="test1" time="27.998"/>
</testsuite> <!-- test_olx.TestDemo2 -->
