<?xml version="1.0" encoding="UTF-8"?>
<!-- Generated by org.testng.reporters.JUnitReportReporter -->
<testsuite hostname="DESKTOP-NPTG7Q6" failures="0" tests="2" name="Section28.Test2Parallel" time="12.035" errors="0" timestamp="06 kwi 2020 09:11:55 GMT" skipped="0">
  <testcase classname="Section28.Test2Parallel" name="test2" time="6.021"/>
  <testcase classname="Section28.Test2Parallel" name="test1" time="6.014"/>
</testsuite> <!-- Section28.Test2Parallel -->
