<?xml version="1.0" encoding="UTF-8"?>
<!-- Generated by org.testng.reporters.JUnitReportReporter -->
<testsuite hostname="DESKTOP-NPTG7Q6" failures="0" tests="1" name="Section38.Test1Login" time="5.960" errors="0" timestamp="08 kwi 2020 10:17:56 GMT" skipped="0">
  <testcase classname="Section38.Test1Login" name="test1_validLoginTest" time="5.960"/>
</testsuite> <!-- Section38.Test1Login -->
