<?xml version="1.0" encoding="UTF-8"?>
<!-- Generated by org.testng.reporters.JUnitReportReporter -->
<testsuite hostname="DESKTOP-NPTG7Q6" failures="0" tests="4" name="Section26.Test5TestSuitsB" time="0.019" errors="0" timestamp="05 kwi 2020 18:17:50 GMT" skipped="0">
  <testcase classname="Section26.Test5TestSuitsB" name="test1" time="0.004"/>
  <testcase classname="Section26.Test5TestSuitsB" name="test2" time="0.004"/>
  <testcase classname="Section26.Test5TestSuitsB" name="test1" time="0.006"/>
  <testcase classname="Section26.Test5TestSuitsB" name="test2" time="0.005"/>
</testsuite> <!-- Section26.Test5TestSuitsB -->
