<?xml version="1.0" encoding="UTF-8"?>
<!-- Generated by org.testng.reporters.JUnitReportReporter -->
<testsuite hostname="DESKTOP-NPTG7Q6" failures="0" tests="2" name="Section26.Test5TestSuits" time="0.015" errors="0" timestamp="05 kwi 2020 18:17:50 GMT" skipped="0">
  <testcase classname="Section26.Test5TestSuits" name="test1" time="0.009"/>
  <testcase classname="Section26.Test5TestSuits" name="test2" time="0.006"/>
</testsuite> <!-- Section26.Test5TestSuits -->
