<?xml version="1.0" encoding="UTF-8"?>
<!-- Generated by org.testng.reporters.JUnitReportReporter -->
<testsuite hostname="DESKTOP-NPTG7Q6" failures="0" tests="1" name="Section29.TestChrome" time="5.163" errors="0" timestamp="06 kwi 2020 09:34:50 GMT" skipped="0">
  <testcase classname="Section29.TestChrome" name="test1" time="5.163"/>
</testsuite> <!-- Section29.TestChrome -->
