<?xml version="1.0" encoding="UTF-8"?>
<!-- Generated by org.testng.reporters.JUnitReportReporter -->
<testsuite hostname="DESKTOP-NPTG7Q6" failures="0" tests="3" name="Section26.Test1Annotation" time="0.022" errors="0" timestamp="05 kwi 2020 17:05:07 GMT" skipped="0">
  <testcase classname="Section26.Test1Annotation" name="testMethod3" time="0.005"/>
  <testcase classname="Section26.Test1Annotation" name="testMethod1" time="0.003"/>
  <testcase classname="Section26.Test1Annotation" name="atestMethod2" time="0.014"/>
</testsuite> <!-- Section26.Test1Annotation -->
