<?xml version="1.0" encoding="UTF-8"?>
<!-- Generated by org.testng.reporters.JUnitReportReporter -->
<testsuite hostname="DESKTOP-NPTG7Q6" failures="0" tests="1" name="test_olx.TestFirefox" time="18.334" errors="0" timestamp="13 kwi 2020 14:00:37 GMT" skipped="0">
  <testcase classname="test_olx.TestFirefox" name="test1" time="18.334"/>
</testsuite> <!-- test_olx.TestFirefox -->
