<?xml version="1.0" encoding="UTF-8"?>
<!-- Generated by org.testng.reporters.JUnitReportReporter -->
<testsuite hostname="DESKTOP-NPTG7Q6" failures="0" tests="3" name="Section30.Test1DataProviders" time="0.015" errors="0" timestamp="06 kwi 2020 10:36:16 GMT" skipped="0">
  <testcase classname="Section30.Test1DataProviders" name="test1" time="0.001"/>
  <testcase classname="Section30.Test1DataProviders" name="test1" time="0.011"/>
  <testcase classname="Section30.Test1DataProviders" name="test1" time="0.003"/>
</testsuite> <!-- Section30.Test1DataProviders -->
