<?xml version="1.0" encoding="UTF-8"?>
<!-- Generated by org.testng.reporters.JUnitReportReporter -->
<testsuite hostname="DESKTOP-NPTG7Q6" failures="0" tests="1" name="test_olx.TestDemo" time="0.005" errors="0" timestamp="12 kwi 2020 18:30:34 GMT" skipped="0">
  <testcase classname="test_olx.TestDemo" name="f" time="0.005"/>
</testsuite> <!-- test_olx.TestDemo -->
