<?xml version="1.0" encoding="UTF-8"?>
<!-- Generated by org.testng.reporters.JUnitReportReporter -->
<testsuite hostname="DESKTOP-NPTG7Q6" failures="0" tests="2" name="Section27.Test2GroupTests" time="0.009" errors="0" timestamp="06 kwi 2020 08:10:57 GMT" skipped="0">
  <testcase classname="Section27.Test2GroupTests" name="testAcer" time="0.006"/>
  <testcase classname="Section27.Test2GroupTests" name="testDell" time="0.003"/>
</testsuite> <!-- Section27.Test2GroupTests -->
