<?xml version="1.0" encoding="UTF-8"?>
<!-- Generated by org.testng.reporters.JUnitReportReporter -->
<testsuite hostname="DESKTOP-NPTG7Q6" failures="0" tests="2" name="Section26.Test2Annotations" time="0.012" errors="0" timestamp="05 kwi 2020 17:41:39 GMT" skipped="0">
  <testcase classname="Section26.Test2Annotations" name="test1" time="0.010"/>
  <testcase classname="Section26.Test2Annotations" name="test2" time="0.002"/>
</testsuite> <!-- Section26.Test2Annotations -->
