<?xml version="1.0" encoding="UTF-8"?>
<!-- Generated by org.testng.reporters.JUnitReportReporter -->
<testsuite hostname="DESKTOP-NPTG7Q6" failures="0" tests="1" name="Section28.Test1Parameters" time="0.008" errors="0" timestamp="06 kwi 2020 08:54:25 GMT" skipped="0">
  <testcase classname="Section28.Test1Parameters" name="test1" time="0.008"/>
</testsuite> <!-- Section28.Test1Parameters -->
