<?xml version="1.0" encoding="UTF-8"?>
<!-- Generated by org.testng.reporters.JUnitReportReporter -->
<testsuite hostname="DESKTOP-NPTG7Q6" failures="0" tests="3" name="Section27.Test1Priority" time="0.024" errors="0" timestamp="06 kwi 2020 07:50:48 GMT" skipped="0">
  <testcase classname="Section27.Test1Priority" name="test3" time="0.016"/>
  <testcase classname="Section27.Test1Priority" name="test2" time="0.004"/>
  <testcase classname="Section27.Test1Priority" name="test1" time="0.004"/>
</testsuite> <!-- Section27.Test1Priority -->
