<?xml version="1.0" encoding="UTF-8"?>
<!-- Generated by org.testng.reporters.JUnitReportReporter -->
<testsuite hostname="DESKTOP-NPTG7Q6" failures="0" tests="4" name="Section27.Test5PreserveOrderB" time="0.016" errors="0" timestamp="06 kwi 2020 08:41:59 GMT" skipped="0">
  <testcase classname="Section27.Test5PreserveOrderB" name="test2" time="0.002"/>
  <testcase classname="Section27.Test5PreserveOrderB" name="test1" time="0.001"/>
  <testcase classname="Section27.Test5PreserveOrderB" name="test1" time="0.011"/>
  <testcase classname="Section27.Test5PreserveOrderB" name="test2" time="0.002"/>
</testsuite> <!-- Section27.Test5PreserveOrderB -->
