<?xml version="1.0" encoding="UTF-8"?>
<!-- Generated by org.testng.reporters.JUnitReportReporter -->
<testsuite hostname="DESKTOP-NPTG7Q6" failures="0" tests="1" name="Section34.Test2" time="0.005" errors="0" timestamp="07 kwi 2020 13:19:50 GMT" skipped="0">
  <testcase classname="Section34.Test2" name="test1_validLoginTest" time="0.005"/>
</testsuite> <!-- Section34.Test2 -->
