<?xml version="1.0" encoding="UTF-8"?>
<!-- Generated by org.testng.reporters.JUnitReportReporter -->
<testsuite hostname="DESKTOP-NPTG7Q6" failures="0" tests="1" name="Section42.DatabaseTesting" time="0.016" errors="0" timestamp="08 kwi 2020 17:42:28 GMT" skipped="0">
  <testcase classname="Section42.DatabaseTesting" name="test" time="0.016"/>
</testsuite> <!-- Section42.DatabaseTesting -->
