<?xml version="1.0" encoding="UTF-8"?>
<!-- Generated by org.testng.reporters.JUnitReportReporter -->
<testsuite hostname="DESKTOP-NPTG7Q6" failures="0" tests="1" name="Section43.Test1Login" time="8.582" errors="0" timestamp="08 kwi 2020 19:59:07 GMT" skipped="0">
  <testcase classname="Section43.Test1Login" name="test1_validLoginTest" time="8.582"/>
</testsuite> <!-- Section43.Test1Login -->
