<?xml version="1.0" encoding="UTF-8"?>
<!-- Generated by org.testng.reporters.JUnitReportReporter -->
<testsuite hostname="DESKTOP-NPTG7Q6" failures="0" tests="1" name="Section36.Test3Ba" time="0.414" errors="0" timestamp="07 kwi 2020 17:40:05 GMT" skipped="0">
  <testcase classname="Section36.Test3Ba" name="fileUpload" time="0.414"/>
</testsuite> <!-- Section36.Test3Ba -->
