<?xml version="1.0" encoding="UTF-8"?>
<!-- Generated by org.testng.reporters.JUnitReportReporter -->
<testsuite hostname="DESKTOP-NPTG7Q6" failures="0" tests="2" name="Section27.Test4EnableTimeout" time="2.016" errors="0" timestamp="06 kwi 2020 08:24:00 GMT" skipped="1">
  <testcase classname="Section27.Test4EnableTimeout" name="test2" time="2.016"/>
  <testcase classname="Section27.Test4EnableTimeout" name="test1">
    <skipped/>
  </testcase> <!-- test1 -->
</testsuite> <!-- Section27.Test4EnableTimeout -->
