<?xml version="1.0" encoding="UTF-8"?>
<!-- Generated by org.testng.reporters.JUnitReportReporter -->
<testsuite hostname="DESKTOP-NPTG7Q6" failures="0" tests="1" name="Section36.Test1Gmail" time="0.006" errors="0" timestamp="07 kwi 2020 16:55:14 GMT" skipped="0">
  <testcase classname="Section36.Test1Gmail" name="testGmail" time="0.006"/>
</testsuite> <!-- Section36.Test1Gmail -->
